0 info it worked if it ends with ok
1 verbose cli [ '/usr/local/bin/node',
1 verbose cli   '/usr/local/bin/npm',
1 verbose cli   'run-script',
1 verbose cli   'build' ]
2 info using npm@4.1.1
3 info using node@v5.2.0
4 verbose run-script [ 'prebuild', 'build', 'postbuild' ]
5 info lifecycle song_catalogue@1.0.0~prebuild: song_catalogue@1.0.0
6 silly lifecycle song_catalogue@1.0.0~prebuild: no script for prebuild, continuing
7 info lifecycle song_catalogue@1.0.0~build: song_catalogue@1.0.0
8 verbose lifecycle song_catalogue@1.0.0~build: unsafe-perm in lifecycle true
9 verbose lifecycle song_catalogue@1.0.0~build: PATH: /usr/local/lib/node_modules/npm/bin/node-gyp-bin:/Users/valentijnnieman/dev/js/song_catalogue/node_modules/.bin:/Users/valentijnnieman/.rvm/gems/ruby-2.2.1/bin:/Users/valentijnnieman/.rvm/gems/ruby-2.2.1@global/bin:/Users/valentijnnieman/.rvm/rubies/ruby-2.2.1/bin:/Library/Frameworks/Python.framework/Versions/3.5/bin:/Library/Frameworks/Python.framework/Versions/2.7/bin:/Library/Frameworks/Python.framework/Versions/3.4/bin:/usr/local/bin:/usr/bin:/bin:/usr/sbin:/sbin:/opt/X11/bin:/usr/local/git/bin:/usr/local/go/bin:/Users/valentijnnieman/go_projects/bin:/Users/valentijnnieman/.rvm/bin
10 verbose lifecycle song_catalogue@1.0.0~build: CWD: /Users/valentijnnieman/dev/js/song_catalogue
11 silly lifecycle song_catalogue@1.0.0~build: Args: [ '-c', 'webpack' ]
12 silly lifecycle song_catalogue@1.0.0~build: Returned: code: 1  signal: null
13 info lifecycle song_catalogue@1.0.0~build: Failed to exec build script
14 verbose stack Error: song_catalogue@1.0.0 build: `webpack`
14 verbose stack Exit status 1
14 verbose stack     at EventEmitter.<anonymous> (/usr/local/lib/node_modules/npm/lib/utils/lifecycle.js:279:16)
14 verbose stack     at emitTwo (events.js:88:13)
14 verbose stack     at EventEmitter.emit (events.js:173:7)
14 verbose stack     at ChildProcess.<anonymous> (/usr/local/lib/node_modules/npm/lib/utils/spawn.js:40:14)
14 verbose stack     at emitTwo (events.js:88:13)
14 verbose stack     at ChildProcess.emit (events.js:173:7)
14 verbose stack     at maybeClose (internal/child_process.js:819:16)
14 verbose stack     at Process.ChildProcess._handle.onexit (internal/child_process.js:212:5)
15 verbose pkgid song_catalogue@1.0.0
16 verbose cwd /Users/valentijnnieman/dev/js/song_catalogue
17 error Darwin 16.5.0
18 error argv "/usr/local/bin/node" "/usr/local/bin/npm" "run-script" "build"
19 error node v5.2.0
20 error npm  v4.1.1
21 error code ELIFECYCLE
22 error song_catalogue@1.0.0 build: `webpack`
22 error Exit status 1
23 error Failed at the song_catalogue@1.0.0 build script 'webpack'.
23 error Make sure you have the latest version of node.js and npm installed.
23 error If you do, this is most likely a problem with the song_catalogue package,
23 error not with npm itself.
23 error Tell the author that this fails on your system:
23 error     webpack
23 error You can get information on how to open an issue for this project with:
23 error     npm bugs song_catalogue
23 error Or if that isn't available, you can get their info via:
23 error     npm owner ls song_catalogue
23 error There is likely additional logging output above.
24 verbose exit [ 1, true ]
